C:\USERS\STAFF\DOWNLOADS\OF_V0.8.4_VS_RELEASE\EXAMPLES\ADDONS\KINECT_YANG\OBJ\DEBUG\OFXKINECTEXTRAS.OBJ
C:\USERS\STAFF\DOWNLOADS\OF_V0.8.4_VS_RELEASE\EXAMPLES\ADDONS\KINECT_YANG\OBJ\DEBUG\OFXKINECT.OBJ
C:\USERS\STAFF\DOWNLOADS\OF_V0.8.4_VS_RELEASE\EXAMPLES\ADDONS\KINECT_YANG\OBJ\DEBUG\REGISTRATION.OBJ
C:\USERS\STAFF\DOWNLOADS\OF_V0.8.4_VS_RELEASE\EXAMPLES\ADDONS\KINECT_YANG\OBJ\DEBUG\FLAGS.OBJ
C:\USERS\STAFF\DOWNLOADS\OF_V0.8.4_VS_RELEASE\EXAMPLES\ADDONS\KINECT_YANG\OBJ\DEBUG\LOADER.OBJ
C:\USERS\STAFF\DOWNLOADS\OF_V0.8.4_VS_RELEASE\EXAMPLES\ADDONS\KINECT_YANG\OBJ\DEBUG\KEEP_ALIVE.OBJ
C:\USERS\STAFF\DOWNLOADS\OF_V0.8.4_VS_RELEASE\EXAMPLES\ADDONS\KINECT_YANG\OBJ\DEBUG\CORE.OBJ
C:\USERS\STAFF\DOWNLOADS\OF_V0.8.4_VS_RELEASE\EXAMPLES\ADDONS\KINECT_YANG\OBJ\DEBUG\USB_LIBUSB10.OBJ
C:\USERS\STAFF\DOWNLOADS\OF_V0.8.4_VS_RELEASE\EXAMPLES\ADDONS\KINECT_YANG\OBJ\DEBUG\CAMERAS.OBJ
C:\USERS\STAFF\DOWNLOADS\OF_V0.8.4_VS_RELEASE\EXAMPLES\ADDONS\KINECT_YANG\OBJ\DEBUG\TILT.OBJ
C:\USERS\STAFF\DOWNLOADS\OF_V0.8.4_VS_RELEASE\EXAMPLES\ADDONS\KINECT_YANG\OBJ\DEBUG\AUDIO.OBJ
C:\USERS\STAFF\DOWNLOADS\OF_V0.8.4_VS_RELEASE\EXAMPLES\ADDONS\KINECT_YANG\OBJ\DEBUG\LIBUSBEMU.OBJ
C:\USERS\STAFF\DOWNLOADS\OF_V0.8.4_VS_RELEASE\EXAMPLES\ADDONS\KINECT_YANG\OBJ\DEBUG\FAILGUARD.OBJ
C:\USERS\STAFF\DOWNLOADS\OF_V0.8.4_VS_RELEASE\EXAMPLES\ADDONS\KINECT_YANG\OBJ\DEBUG\OFXCVIMAGE.OBJ
C:\USERS\STAFF\DOWNLOADS\OF_V0.8.4_VS_RELEASE\EXAMPLES\ADDONS\KINECT_YANG\OBJ\DEBUG\OFXCVFLOATIMAGE.OBJ
C:\USERS\STAFF\DOWNLOADS\OF_V0.8.4_VS_RELEASE\EXAMPLES\ADDONS\KINECT_YANG\OBJ\DEBUG\OFXCVCOLORIMAGE.OBJ
C:\USERS\STAFF\DOWNLOADS\OF_V0.8.4_VS_RELEASE\EXAMPLES\ADDONS\KINECT_YANG\OBJ\DEBUG\OFXCVGRAYSCALEIMAGE.OBJ
C:\USERS\STAFF\DOWNLOADS\OF_V0.8.4_VS_RELEASE\EXAMPLES\ADDONS\KINECT_YANG\OBJ\DEBUG\OFXCVCONTOURFINDER.OBJ
C:\USERS\STAFF\DOWNLOADS\OF_V0.8.4_VS_RELEASE\EXAMPLES\ADDONS\KINECT_YANG\OBJ\DEBUG\OFXCVSHORTIMAGE.OBJ
C:\USERS\STAFF\DOWNLOADS\OF_V0.8.4_VS_RELEASE\EXAMPLES\ADDONS\KINECT_YANG\OBJ\DEBUG\OFXCVHAARFINDER.OBJ
C:\USERS\STAFF\DOWNLOADS\OF_V0.8.4_VS_RELEASE\EXAMPLES\ADDONS\KINECT_YANG\OBJ\DEBUG\MAIN.OBJ
C:\USERS\STAFF\DOWNLOADS\OF_V0.8.4_VS_RELEASE\EXAMPLES\ADDONS\KINECT_YANG\OBJ\DEBUG\OFAPP.OBJ
C:\USERS\STAFF\DOWNLOADS\OF_V0.8.4_VS_RELEASE\EXAMPLES\ADDONS\KINECT_YANG\OBJ\DEBUG\VC110.PDB
C:\USERS\STAFF\DOWNLOADS\OF_V0.8.4_VS_RELEASE\EXAMPLES\ADDONS\KINECT_YANG\OBJ\DEBUG\DEPTHBASICS.OBJ
C:\Users\staff\Downloads\of_v0.8.4_vs_release\examples\addons\kinect_yang\bin\kinectExample_debug.lib
C:\Users\staff\Downloads\of_v0.8.4_vs_release\examples\addons\kinect_yang\bin\kinectExample_debug.exp
C:\USERS\STAFF\DOWNLOADS\OF_V0.8.4_VS_RELEASE\EXAMPLES\ADDONS\KINECT_YANG\BIN\KINECTEXAMPLE_DEBUG.ILK
C:\USERS\STAFF\DOWNLOADS\OF_V0.8.4_VS_RELEASE\EXAMPLES\ADDONS\KINECT_YANG\BIN\KINECTEXAMPLE_DEBUG.EXE
C:\USERS\STAFF\DOWNLOADS\OF_V0.8.4_VS_RELEASE\EXAMPLES\ADDONS\KINECT_YANG\BIN\KINECTEXAMPLE_DEBUG.PDB
C:\USERS\STAFF\DOWNLOADS\OF_V0.8.4_VS_RELEASE\EXAMPLES\ADDONS\KINECT_YANG\OBJ\DEBUG\ICON.RES
C:\Users\staff\Downloads\of_v0.8.4_vs_release\examples\addons\kinect_yang\obj\Debug\kinectExample.vcxprojResolveAssemblyReference.cache
C:\Users\staff\Downloads\of_v0.8.4_vs_release\examples\addons\kinect_yang\obj\Debug\audio.obj
C:\Users\staff\Downloads\of_v0.8.4_vs_release\examples\addons\kinect_yang\obj\Debug\cameras.obj
C:\Users\staff\Downloads\of_v0.8.4_vs_release\examples\addons\kinect_yang\obj\Debug\core.obj
C:\Users\staff\Downloads\of_v0.8.4_vs_release\examples\addons\kinect_yang\obj\Debug\DepthBasics.obj
C:\Users\staff\Downloads\of_v0.8.4_vs_release\examples\addons\kinect_yang\obj\Debug\failguard.obj
C:\Users\staff\Downloads\of_v0.8.4_vs_release\examples\addons\kinect_yang\obj\Debug\flags.obj
C:\Users\staff\Downloads\of_v0.8.4_vs_release\examples\addons\kinect_yang\obj\Debug\keep_alive.obj
C:\Users\staff\Downloads\of_v0.8.4_vs_release\examples\addons\kinect_yang\obj\Debug\libusbemu.obj
C:\Users\staff\Downloads\of_v0.8.4_vs_release\examples\addons\kinect_yang\obj\Debug\loader.obj
C:\Users\staff\Downloads\of_v0.8.4_vs_release\examples\addons\kinect_yang\obj\Debug\main.obj
C:\Users\staff\Downloads\of_v0.8.4_vs_release\examples\addons\kinect_yang\obj\Debug\ofApp.obj
C:\Users\staff\Downloads\of_v0.8.4_vs_release\examples\addons\kinect_yang\obj\Debug\ofxCvColorImage.obj
C:\Users\staff\Downloads\of_v0.8.4_vs_release\examples\addons\kinect_yang\obj\Debug\ofxCvContourFinder.obj
C:\Users\staff\Downloads\of_v0.8.4_vs_release\examples\addons\kinect_yang\obj\Debug\ofxCvFloatImage.obj
C:\Users\staff\Downloads\of_v0.8.4_vs_release\examples\addons\kinect_yang\obj\Debug\ofxCvGrayscaleImage.obj
C:\Users\staff\Downloads\of_v0.8.4_vs_release\examples\addons\kinect_yang\obj\Debug\ofxCvHaarFinder.obj
C:\Users\staff\Downloads\of_v0.8.4_vs_release\examples\addons\kinect_yang\obj\Debug\ofxCvImage.obj
C:\Users\staff\Downloads\of_v0.8.4_vs_release\examples\addons\kinect_yang\obj\Debug\ofxCvShortImage.obj
C:\Users\staff\Downloads\of_v0.8.4_vs_release\examples\addons\kinect_yang\obj\Debug\ofxKinect.obj
C:\Users\staff\Downloads\of_v0.8.4_vs_release\examples\addons\kinect_yang\obj\Debug\ofxKinectExtras.obj
C:\Users\staff\Downloads\of_v0.8.4_vs_release\examples\addons\kinect_yang\obj\Debug\registration.obj
C:\Users\staff\Downloads\of_v0.8.4_vs_release\examples\addons\kinect_yang\obj\Debug\tilt.obj
C:\Users\staff\Downloads\of_v0.8.4_vs_release\examples\addons\kinect_yang\obj\Debug\usb_libusb10.obj
C:\Users\staff\Downloads\of_v0.8.4_vs_release\examples\addons\kinect_yang\obj\Debug\cl.command.1.tlog
C:\Users\staff\Downloads\of_v0.8.4_vs_release\examples\addons\kinect_yang\obj\Debug\CL.read.1.tlog
C:\Users\staff\Downloads\of_v0.8.4_vs_release\examples\addons\kinect_yang\obj\Debug\CL.write.1.tlog
C:\Users\staff\Downloads\of_v0.8.4_vs_release\examples\addons\kinect_yang\obj\Debug\kinectExample.write.1.tlog
C:\Users\staff\Downloads\of_v0.8.4_vs_release\examples\addons\kinect_yang\obj\Debug\link-cvtres.read.1.tlog
C:\Users\staff\Downloads\of_v0.8.4_vs_release\examples\addons\kinect_yang\obj\Debug\link-cvtres.write.1.tlog
C:\Users\staff\Downloads\of_v0.8.4_vs_release\examples\addons\kinect_yang\obj\Debug\link-rc.read.1.tlog
C:\Users\staff\Downloads\of_v0.8.4_vs_release\examples\addons\kinect_yang\obj\Debug\link-rc.write.1.tlog
C:\Users\staff\Downloads\of_v0.8.4_vs_release\examples\addons\kinect_yang\obj\Debug\link.5400-cvtres.read.1.tlog
C:\Users\staff\Downloads\of_v0.8.4_vs_release\examples\addons\kinect_yang\obj\Debug\link.5400-cvtres.write.1.tlog
C:\Users\staff\Downloads\of_v0.8.4_vs_release\examples\addons\kinect_yang\obj\Debug\link.5400-rc.read.1.tlog
C:\Users\staff\Downloads\of_v0.8.4_vs_release\examples\addons\kinect_yang\obj\Debug\link.5400-rc.write.1.tlog
C:\Users\staff\Downloads\of_v0.8.4_vs_release\examples\addons\kinect_yang\obj\Debug\link.5400.read.1.tlog
C:\Users\staff\Downloads\of_v0.8.4_vs_release\examples\addons\kinect_yang\obj\Debug\link.5400.write.1.tlog
C:\Users\staff\Downloads\of_v0.8.4_vs_release\examples\addons\kinect_yang\obj\Debug\link.6708-cvtres.read.1.tlog
C:\Users\staff\Downloads\of_v0.8.4_vs_release\examples\addons\kinect_yang\obj\Debug\link.6708-cvtres.write.1.tlog
C:\Users\staff\Downloads\of_v0.8.4_vs_release\examples\addons\kinect_yang\obj\Debug\link.6708-rc.read.1.tlog
C:\Users\staff\Downloads\of_v0.8.4_vs_release\examples\addons\kinect_yang\obj\Debug\link.6708-rc.write.1.tlog
C:\Users\staff\Downloads\of_v0.8.4_vs_release\examples\addons\kinect_yang\obj\Debug\link.6708.read.1.tlog
C:\Users\staff\Downloads\of_v0.8.4_vs_release\examples\addons\kinect_yang\obj\Debug\link.6708.write.1.tlog
C:\Users\staff\Downloads\of_v0.8.4_vs_release\examples\addons\kinect_yang\obj\Debug\link.7524-cvtres.read.1.tlog
C:\Users\staff\Downloads\of_v0.8.4_vs_release\examples\addons\kinect_yang\obj\Debug\link.7524-cvtres.write.1.tlog
C:\Users\staff\Downloads\of_v0.8.4_vs_release\examples\addons\kinect_yang\obj\Debug\link.7524-rc.read.1.tlog
C:\Users\staff\Downloads\of_v0.8.4_vs_release\examples\addons\kinect_yang\obj\Debug\link.7524-rc.write.1.tlog
C:\Users\staff\Downloads\of_v0.8.4_vs_release\examples\addons\kinect_yang\obj\Debug\link.7524.read.1.tlog
C:\Users\staff\Downloads\of_v0.8.4_vs_release\examples\addons\kinect_yang\obj\Debug\link.7524.write.1.tlog
C:\Users\staff\Downloads\of_v0.8.4_vs_release\examples\addons\kinect_yang\obj\Debug\link.8044-cvtres.read.1.tlog
C:\Users\staff\Downloads\of_v0.8.4_vs_release\examples\addons\kinect_yang\obj\Debug\link.8044-cvtres.write.1.tlog
C:\Users\staff\Downloads\of_v0.8.4_vs_release\examples\addons\kinect_yang\obj\Debug\link.8044-rc.read.1.tlog
C:\Users\staff\Downloads\of_v0.8.4_vs_release\examples\addons\kinect_yang\obj\Debug\link.8044-rc.write.1.tlog
C:\Users\staff\Downloads\of_v0.8.4_vs_release\examples\addons\kinect_yang\obj\Debug\link.8044.read.1.tlog
C:\Users\staff\Downloads\of_v0.8.4_vs_release\examples\addons\kinect_yang\obj\Debug\link.8044.write.1.tlog
C:\Users\staff\Downloads\of_v0.8.4_vs_release\examples\addons\kinect_yang\obj\Debug\link.command.1.tlog
C:\Users\staff\Downloads\of_v0.8.4_vs_release\examples\addons\kinect_yang\obj\Debug\link.read.1.tlog
C:\Users\staff\Downloads\of_v0.8.4_vs_release\examples\addons\kinect_yang\obj\Debug\link.write.1.tlog
C:\Users\staff\Downloads\of_v0.8.4_vs_release\examples\addons\kinect_yang\obj\Debug\rc.command.1.tlog
C:\Users\staff\Downloads\of_v0.8.4_vs_release\examples\addons\kinect_yang\obj\Debug\rc.read.1.tlog
C:\Users\staff\Downloads\of_v0.8.4_vs_release\examples\addons\kinect_yang\obj\Debug\rc.write.1.tlog
C:\Users\staff\Downloads\of_v0.8.4_vs_release\examples\addons\kinect_yang\obj\Debug\icon.res
C:\Users\staff\Downloads\of_v0.8.4_vs_release\examples\addons\kinect_yang\obj\Debug\vc110.idb
C:\Users\staff\Downloads\of_v0.8.4_vs_release\examples\addons\kinect_yang\obj\Debug\vc110.pdb
C:\Users\staff\Downloads\of_v0.8.4_vs_release\examples\addons\kinect_yang\bin\kinectExample_debug.exe
